{
  "/Users/buramabobb/Documents/myWorkspace/blood-match-api/src/app.module.ts": {
    "path": "/Users/buramabobb/Documents/myWorkspace/blood-match-api/src/app.module.ts",
    "statementMap": {
      "0": {
        "start": { "line": 1, "column": 0 },
        "end": { "line": 1, "column": 40 }
      },
      "1": {
        "start": { "line": 2, "column": 0 },
        "end": { "line": 2, "column": 61 }
      },
      "2": {
        "start": { "line": 3, "column": 0 },
        "end": { "line": 3, "column": 48 }
      },
      "3": {
        "start": { "line": 4, "column": 0 },
        "end": { "line": 4, "column": 48 }
      },
      "4": {
        "start": { "line": 5, "column": 0 },
        "end": { "line": 5, "column": 51 }
      },
      "5": {
        "start": { "line": 6, "column": 0 },
        "end": { "line": 6, "column": 54 }
      },
      "6": {
        "start": { "line": 7, "column": 0 },
        "end": { "line": 7, "column": 60 }
      },
      "7": {
        "start": { "line": 8, "column": 0 },
        "end": { "line": 8, "column": 48 }
      },
      "8": {
        "start": { "line": 38, "column": 7 },
        "end": { "line": 38, "column": null }
      },
      "9": {
        "start": { "line": 38, "column": 13 },
        "end": { "line": 38, "column": 22 }
      },
      "10": {
        "start": { "line": 38, "column": 13 },
        "end": { "line": 38, "column": null }
      },
      "11": {
        "start": { "line": 18, "column": 53 },
        "end": { "line": 28, "column": 8 }
      }
    },
    "fnMap": {
      "0": {
        "name": "(anonymous_1)",
        "decl": {
          "start": { "line": 18, "column": 18 },
          "end": { "line": 18, "column": 19 }
        },
        "loc": {
          "start": { "line": 18, "column": 53 },
          "end": { "line": 28, "column": 8 }
        }
      }
    },
    "branchMap": {},
    "s": {
      "0": 0,
      "1": 0,
      "2": 0,
      "3": 0,
      "4": 0,
      "5": 0,
      "6": 0,
      "7": 0,
      "8": 0,
      "9": 0,
      "10": 0,
      "11": 0
    },
    "f": { "0": 0 },
    "b": {}
  },
  "/Users/buramabobb/Documents/myWorkspace/blood-match-api/src/main.ts": {
    "path": "/Users/buramabobb/Documents/myWorkspace/blood-match-api/src/main.ts",
    "statementMap": {
      "0": {
        "start": { "line": 1, "column": 0 },
        "end": { "line": 1, "column": 43 }
      },
      "1": {
        "start": { "line": 2, "column": 0 },
        "end": { "line": 2, "column": 41 }
      },
      "2": {
        "start": { "line": 3, "column": 0 },
        "end": { "line": 3, "column": 48 }
      },
      "3": {
        "start": { "line": 4, "column": 0 },
        "end": { "line": 4, "column": 65 }
      },
      "4": {
        "start": { "line": 5, "column": 0 },
        "end": { "line": 5, "column": 26 }
      },
      "5": {
        "start": { "line": 8, "column": 14 },
        "end": { "line": 8, "column": 49 }
      },
      "6": {
        "start": { "line": 9, "column": 15 },
        "end": { "line": 9, "column": 47 }
      },
      "7": {
        "start": { "line": 11, "column": 2 },
        "end": { "line": 15, "column": 5 }
      },
      "8": {
        "start": { "line": 17, "column": 2 },
        "end": { "line": 23, "column": 4 }
      },
      "9": {
        "start": { "line": 25, "column": 17 },
        "end": { "line": 30, "column": 12 }
      },
      "10": {
        "start": { "line": 31, "column": 19 },
        "end": { "line": 31, "column": 60 }
      },
      "11": {
        "start": { "line": 32, "column": 2 },
        "end": { "line": 32, "column": 44 }
      },
      "12": {
        "start": { "line": 34, "column": 2 },
        "end": { "line": 34, "column": 25 }
      },
      "13": {
        "start": { "line": 35, "column": 2 },
        "end": { "line": 35, "column": 66 }
      },
      "14": {
        "start": { "line": 37, "column": 0 },
        "end": { "line": 37, "column": 12 }
      }
    },
    "fnMap": {
      "0": {
        "name": "bootstrap",
        "decl": {
          "start": { "line": 7, "column": 15 },
          "end": { "line": 7, "column": 24 }
        },
        "loc": {
          "start": { "line": 7, "column": 24 },
          "end": { "line": 36, "column": 1 }
        }
      }
    },
    "branchMap": {
      "0": {
        "loc": {
          "start": { "line": 9, "column": 22 },
          "end": { "line": 9, "column": 46 }
        },
        "type": "binary-expr",
        "locations": [
          {
            "start": { "line": 9, "column": 22 },
            "end": { "line": 9, "column": 38 }
          },
          {
            "start": { "line": 9, "column": 42 },
            "end": { "line": 9, "column": 46 }
          }
        ]
      }
    },
    "s": {
      "0": 0,
      "1": 0,
      "2": 0,
      "3": 0,
      "4": 0,
      "5": 0,
      "6": 0,
      "7": 0,
      "8": 0,
      "9": 0,
      "10": 0,
      "11": 0,
      "12": 0,
      "13": 0,
      "14": 0
    },
    "f": { "0": 0 },
    "b": { "0": [0, 0] }
  },
  "/Users/buramabobb/Documents/myWorkspace/blood-match-api/src/auth/auth.controller.ts": {
    "path": "/Users/buramabobb/Documents/myWorkspace/blood-match-api/src/auth/auth.controller.ts",
    "statementMap": {
      "0": {
        "start": { "line": 1, "column": 0 },
        "end": { "line": 1, "column": null }
      },
      "1": {
        "start": { "line": 9, "column": 0 },
        "end": { "line": 9, "column": 43 }
      },
      "2": {
        "start": { "line": 10, "column": 0 },
        "end": { "line": 10, "column": 60 }
      },
      "3": {
        "start": { "line": 11, "column": 0 },
        "end": { "line": 11, "column": 55 }
      },
      "4": {
        "start": { "line": 12, "column": 0 },
        "end": { "line": 12, "column": 57 }
      },
      "5": {
        "start": { "line": 13, "column": 0 },
        "end": { "line": 13, "column": 45 }
      },
      "6": {
        "start": { "line": 17, "column": 7 },
        "end": { "line": 36, "column": null }
      },
      "7": {
        "start": { "line": 18, "column": 31 },
        "end": { "line": 18, "column": 44 }
      },
      "8": {
        "start": { "line": 22, "column": 4 },
        "end": { "line": 22, "column": 59 }
      },
      "9": {
        "start": { "line": 27, "column": 4 },
        "end": { "line": 27, "column": 44 }
      },
      "10": {
        "start": { "line": 34, "column": 4 },
        "end": { "line": 34, "column": 20 }
      },
      "11": {
        "start": { "line": 17, "column": 13 },
        "end": { "line": 17, "column": 27 }
      },
      "12": {
        "start": { "line": 21, "column": 2 },
        "end": { "line": 23, "column": null }
      },
      "13": {
        "start": { "line": 26, "column": 2 },
        "end": { "line": 28, "column": null }
      },
      "14": {
        "start": { "line": 33, "column": 2 },
        "end": { "line": 35, "column": null }
      },
      "15": {
        "start": { "line": 17, "column": 13 },
        "end": { "line": 36, "column": null }
      }
    },
    "fnMap": {
      "0": {
        "name": "(anonymous_4)",
        "decl": {
          "start": { "line": 18, "column": 2 },
          "end": { "line": 18, "column": 31 }
        },
        "loc": {
          "start": { "line": 18, "column": 55 },
          "end": { "line": 18, "column": 59 }
        }
      },
      "1": {
        "name": "(anonymous_5)",
        "decl": {
          "start": { "line": 21, "column": 2 },
          "end": { "line": 21, "column": 14 }
        },
        "loc": {
          "start": { "line": 21, "column": 57 },
          "end": { "line": 23, "column": 3 }
        }
      },
      "2": {
        "name": "(anonymous_6)",
        "decl": {
          "start": { "line": 26, "column": 2 },
          "end": { "line": 26, "column": 7 }
        },
        "loc": {
          "start": { "line": 26, "column": 34 },
          "end": { "line": 28, "column": 3 }
        }
      },
      "3": {
        "name": "(anonymous_7)",
        "decl": {
          "start": { "line": 33, "column": 2 },
          "end": { "line": 33, "column": 12 }
        },
        "loc": {
          "start": { "line": 33, "column": 32 },
          "end": { "line": 35, "column": 3 }
        }
      }
    },
    "branchMap": {},
    "s": {
      "0": 0,
      "1": 0,
      "2": 0,
      "3": 0,
      "4": 0,
      "5": 0,
      "6": 0,
      "7": 0,
      "8": 0,
      "9": 0,
      "10": 0,
      "11": 0,
      "12": 0,
      "13": 0,
      "14": 0,
      "15": 0
    },
    "f": { "0": 0, "1": 0, "2": 0, "3": 0 },
    "b": {}
  },
  "/Users/buramabobb/Documents/myWorkspace/blood-match-api/src/auth/auth.module.ts": {
    "path": "/Users/buramabobb/Documents/myWorkspace/blood-match-api/src/auth/auth.module.ts",
    "statementMap": {
      "0": {
        "start": { "line": 1, "column": 0 },
        "end": { "line": 1, "column": 40 }
      },
      "1": {
        "start": { "line": 2, "column": 0 },
        "end": { "line": 2, "column": 40 }
      },
      "2": {
        "start": { "line": 3, "column": 0 },
        "end": { "line": 3, "column": 50 }
      },
      "3": {
        "start": { "line": 4, "column": 0 },
        "end": { "line": 4, "column": 61 }
      },
      "4": {
        "start": { "line": 5, "column": 0 },
        "end": { "line": 5, "column": 48 }
      },
      "5": {
        "start": { "line": 6, "column": 0 },
        "end": { "line": 6, "column": 51 }
      },
      "6": {
        "start": { "line": 7, "column": 0 },
        "end": { "line": 7, "column": 52 }
      },
      "7": {
        "start": { "line": 8, "column": 0 },
        "end": { "line": 8, "column": 56 }
      },
      "8": {
        "start": { "line": 9, "column": 0 },
        "end": { "line": 9, "column": 44 }
      },
      "9": {
        "start": { "line": 10, "column": 0 },
        "end": { "line": 10, "column": 45 }
      },
      "10": {
        "start": { "line": 11, "column": 0 },
        "end": { "line": 11, "column": 53 }
      },
      "11": {
        "start": { "line": 36, "column": 7 },
        "end": { "line": 36, "column": null }
      },
      "12": {
        "start": { "line": 36, "column": 13 },
        "end": { "line": 36, "column": 23 }
      },
      "13": {
        "start": { "line": 36, "column": 13 },
        "end": { "line": 36, "column": null }
      },
      "14": {
        "start": { "line": 20, "column": 59 },
        "end": { "line": 28, "column": 8 }
      }
    },
    "fnMap": {
      "0": {
        "name": "(anonymous_1)",
        "decl": {
          "start": { "line": 20, "column": 18 },
          "end": { "line": 20, "column": 23 }
        },
        "loc": {
          "start": { "line": 20, "column": 59 },
          "end": { "line": 28, "column": 8 }
        }
      }
    },
    "branchMap": {
      "0": {
        "loc": {
          "start": { "line": 21, "column": 16 },
          "end": { "line": 21, "column": 63 }
        },
        "type": "binary-expr",
        "locations": [
          {
            "start": { "line": 21, "column": 16 },
            "end": { "line": 21, "column": 47 }
          },
          {
            "start": { "line": 21, "column": 51 },
            "end": { "line": 21, "column": 63 }
          }
        ]
      },
      "1": {
        "loc": {
          "start": { "line": 24, "column": 18 },
          "end": { "line": 24, "column": 70 }
        },
        "type": "binary-expr",
        "locations": [
          {
            "start": { "line": 24, "column": 18 },
            "end": { "line": 24, "column": 49 }
          },
          {
            "start": { "line": 24, "column": 53 },
            "end": { "line": 24, "column": 70 }
          }
        ]
      },
      "2": {
        "loc": {
          "start": { "line": 26, "column": 12 },
          "end": { "line": 26, "column": 73 }
        },
        "type": "binary-expr",
        "locations": [
          {
            "start": { "line": 26, "column": 12 },
            "end": { "line": 26, "column": 45 }
          },
          {
            "start": { "line": 26, "column": 49 },
            "end": { "line": 26, "column": 73 }
          }
        ]
      }
    },
    "s": {
      "0": 0,
      "1": 0,
      "2": 0,
      "3": 0,
      "4": 0,
      "5": 0,
      "6": 0,
      "7": 0,
      "8": 0,
      "9": 0,
      "10": 0,
      "11": 0,
      "12": 0,
      "13": 0,
      "14": 0
    },
    "f": { "0": 0 },
    "b": { "0": [0, 0], "1": [0, 0], "2": [0, 0] }
  },
  "/Users/buramabobb/Documents/myWorkspace/blood-match-api/src/auth/auth.service.ts": {
    "path": "/Users/buramabobb/Documents/myWorkspace/blood-match-api/src/auth/auth.service.ts",
    "statementMap": {
      "0": {
        "start": { "line": 1, "column": 0 },
        "end": { "line": 1, "column": null }
      },
      "1": {
        "start": { "line": 7, "column": 0 },
        "end": { "line": 7, "column": 41 }
      },
      "2": {
        "start": { "line": 8, "column": 0 },
        "end": { "line": 8, "column": 51 }
      },
      "3": {
        "start": { "line": 9, "column": 0 },
        "end": { "line": 9, "column": 37 }
      },
      "4": {
        "start": { "line": 10, "column": 0 },
        "end": { "line": 10, "column": 33 }
      },
      "5": {
        "start": { "line": 15, "column": 0 },
        "end": { "line": 15, "column": 56 }
      },
      "6": {
        "start": { "line": 16, "column": 0 },
        "end": { "line": 16, "column": 63 }
      },
      "7": {
        "start": { "line": 19, "column": 7 },
        "end": { "line": 139, "column": null }
      },
      "8": {
        "start": { "line": 22, "column": 12 },
        "end": { "line": 22, "column": 29 }
      },
      "9": {
        "start": { "line": 24, "column": 12 },
        "end": { "line": 24, "column": 31 }
      },
      "10": {
        "start": { "line": 25, "column": 12 },
        "end": { "line": 25, "column": 24 }
      },
      "11": {
        "start": { "line": 29, "column": 17 },
        "end": { "line": 31, "column": 6 }
      },
      "12": {
        "start": { "line": 32, "column": 4 },
        "end": { "line": 38, "column": 5 }
      },
      "13": {
        "start": { "line": 33, "column": 22 },
        "end": { "line": 33, "column": 67 }
      },
      "14": {
        "start": { "line": 34, "column": 6 },
        "end": { "line": 37, "column": 7 }
      },
      "15": {
        "start": { "line": 35, "column": 40 },
        "end": { "line": 35, "column": 44 }
      },
      "16": {
        "start": { "line": 36, "column": 8 },
        "end": { "line": 36, "column": 22 }
      },
      "17": {
        "start": { "line": 39, "column": 4 },
        "end": { "line": 39, "column": 16 }
      },
      "18": {
        "start": { "line": 43, "column": 25 },
        "end": { "line": 48, "column": 6 }
      },
      "19": {
        "start": { "line": 50, "column": 4 },
        "end": { "line": 60, "column": 5 }
      },
      "20": {
        "start": { "line": 51, "column": 6 },
        "end": { "line": 53, "column": 7 }
      },
      "21": {
        "start": { "line": 52, "column": 8 },
        "end": { "line": 52, "column": 67 }
      },
      "22": {
        "start": { "line": 54, "column": 6 },
        "end": { "line": 59, "column": 7 }
      },
      "23": {
        "start": { "line": 58, "column": 8 },
        "end": { "line": 58, "column": 60 }
      },
      "24": {
        "start": { "line": 61, "column": 17 },
        "end": { "line": 67, "column": 6 }
      },
      "25": {
        "start": { "line": 69, "column": 4 },
        "end": { "line": 71, "column": 5 }
      },
      "26": {
        "start": { "line": 70, "column": 6 },
        "end": { "line": 70, "column": 71 }
      },
      "27": {
        "start": { "line": 73, "column": 22 },
        "end": { "line": 73, "column": 59 }
      },
      "28": {
        "start": { "line": 75, "column": 4 },
        "end": { "line": 82, "column": 6 }
      },
      "29": {
        "start": { "line": 86, "column": 28 },
        "end": { "line": 86, "column": 32 }
      },
      "30": {
        "start": { "line": 87, "column": 4 },
        "end": { "line": 102, "column": 5 }
      },
      "31": {
        "start": { "line": 88, "column": 6 },
        "end": { "line": 93, "column": 9 }
      },
      "32": {
        "start": { "line": 95, "column": 6 },
        "end": { "line": 97, "column": 7 }
      },
      "33": {
        "start": { "line": 96, "column": 8 },
        "end": { "line": 96, "column": 63 }
      },
      "34": {
        "start": { "line": 99, "column": 6 },
        "end": { "line": 101, "column": 7 }
      },
      "35": {
        "start": { "line": 100, "column": 8 },
        "end": { "line": 100, "column": 63 }
      },
      "36": {
        "start": { "line": 104, "column": 4 },
        "end": { "line": 106, "column": 5 }
      },
      "37": {
        "start": { "line": 105, "column": 6 },
        "end": { "line": 105, "column": 61 }
      },
      "38": {
        "start": { "line": 108, "column": 28 },
        "end": { "line": 110, "column": null }
      },
      "39": {
        "start": { "line": 112, "column": 4 },
        "end": { "line": 114, "column": 5 }
      },
      "40": {
        "start": { "line": 113, "column": 6 },
        "end": { "line": 113, "column": 61 }
      },
      "41": {
        "start": { "line": 116, "column": 20 },
        "end": { "line": 121, "column": 6 }
      },
      "42": {
        "start": { "line": 123, "column": 24 },
        "end": { "line": 123, "column": 53 }
      },
      "43": {
        "start": { "line": 124, "column": 25 },
        "end": { "line": 124, "column": 75 }
      },
      "44": {
        "start": { "line": 126, "column": 4 },
        "end": { "line": 137, "column": 6 }
      },
      "45": {
        "start": { "line": 19, "column": 13 },
        "end": { "line": 19, "column": 24 }
      },
      "46": {
        "start": { "line": 19, "column": 13 },
        "end": { "line": 139, "column": null }
      }
    },
    "fnMap": {
      "0": {
        "name": "(anonymous_13)",
        "decl": {
          "start": { "line": 20, "column": 2 },
          "end": { "line": 20, "column": null }
        },
        "loc": {
          "start": { "line": 25, "column": 34 },
          "end": { "line": 26, "column": 6 }
        }
      },
      "1": {
        "name": "(anonymous_14)",
        "decl": {
          "start": { "line": 28, "column": 2 },
          "end": { "line": 28, "column": 7 }
        },
        "loc": {
          "start": { "line": 28, "column": 52 },
          "end": { "line": 40, "column": 3 }
        }
      },
      "2": {
        "name": "(anonymous_15)",
        "decl": {
          "start": { "line": 42, "column": 2 },
          "end": { "line": 42, "column": 7 }
        },
        "loc": {
          "start": { "line": 42, "column": 55 },
          "end": { "line": 83, "column": 3 }
        }
      },
      "3": {
        "name": "(anonymous_16)",
        "decl": {
          "start": { "line": 85, "column": 2 },
          "end": { "line": 85, "column": 7 }
        },
        "loc": {
          "start": { "line": 85, "column": 32 },
          "end": { "line": 138, "column": 3 }
        }
      }
    },
    "branchMap": {
      "0": {
        "loc": {
          "start": { "line": 32, "column": 4 },
          "end": { "line": 38, "column": 5 }
        },
        "type": "if",
        "locations": [
          {
            "start": { "line": 32, "column": 4 },
            "end": { "line": 38, "column": 5 }
          },
          { "start": {}, "end": {} }
        ]
      },
      "1": {
        "loc": {
          "start": { "line": 32, "column": 8 },
          "end": { "line": 32, "column": 29 }
        },
        "type": "binary-expr",
        "locations": [
          {
            "start": { "line": 32, "column": 8 },
            "end": { "line": 32, "column": 12 }
          },
          {
            "start": { "line": 32, "column": 16 },
            "end": { "line": 32, "column": 29 }
          }
        ]
      },
      "2": {
        "loc": {
          "start": { "line": 34, "column": 6 },
          "end": { "line": 37, "column": 7 }
        },
        "type": "if",
        "locations": [
          {
            "start": { "line": 34, "column": 6 },
            "end": { "line": 37, "column": 7 }
          },
          { "start": {}, "end": {} }
        ]
      },
      "3": {
        "loc": {
          "start": { "line": 50, "column": 4 },
          "end": { "line": 60, "column": 5 }
        },
        "type": "if",
        "locations": [
          {
            "start": { "line": 50, "column": 4 },
            "end": { "line": 60, "column": 5 }
          },
          { "start": {}, "end": {} }
        ]
      },
      "4": {
        "loc": {
          "start": { "line": 51, "column": 6 },
          "end": { "line": 53, "column": 7 }
        },
        "type": "if",
        "locations": [
          {
            "start": { "line": 51, "column": 6 },
            "end": { "line": 53, "column": 7 }
          },
          { "start": {}, "end": {} }
        ]
      },
      "5": {
        "loc": {
          "start": { "line": 54, "column": 6 },
          "end": { "line": 59, "column": 7 }
        },
        "type": "if",
        "locations": [
          {
            "start": { "line": 54, "column": 6 },
            "end": { "line": 59, "column": 7 }
          },
          { "start": {}, "end": {} }
        ]
      },
      "6": {
        "loc": {
          "start": { "line": 55, "column": 8 },
          "end": { "line": 56, "column": 74 }
        },
        "type": "binary-expr",
        "locations": [
          {
            "start": { "line": 55, "column": 8 },
            "end": { "line": 55, "column": 30 }
          },
          {
            "start": { "line": 56, "column": 8 },
            "end": { "line": 56, "column": 74 }
          }
        ]
      },
      "7": {
        "loc": {
          "start": { "line": 69, "column": 4 },
          "end": { "line": 71, "column": 5 }
        },
        "type": "if",
        "locations": [
          {
            "start": { "line": 69, "column": 4 },
            "end": { "line": 71, "column": 5 }
          },
          { "start": {}, "end": {} }
        ]
      },
      "8": {
        "loc": {
          "start": { "line": 87, "column": 4 },
          "end": { "line": 102, "column": 5 }
        },
        "type": "if",
        "locations": [
          {
            "start": { "line": 87, "column": 4 },
            "end": { "line": 102, "column": 5 }
          },
          { "start": {}, "end": {} }
        ]
      },
      "9": {
        "loc": {
          "start": { "line": 87, "column": 8 },
          "end": { "line": 87, "column": 40 }
        },
        "type": "binary-expr",
        "locations": [
          {
            "start": { "line": 87, "column": 8 },
            "end": { "line": 87, "column": 22 }
          },
          {
            "start": { "line": 87, "column": 26 },
            "end": { "line": 87, "column": 40 }
          }
        ]
      },
      "10": {
        "loc": {
          "start": { "line": 95, "column": 6 },
          "end": { "line": 97, "column": 7 }
        },
        "type": "if",
        "locations": [
          {
            "start": { "line": 95, "column": 6 },
            "end": { "line": 97, "column": 7 }
          },
          { "start": {}, "end": {} }
        ]
      },
      "11": {
        "loc": {
          "start": { "line": 99, "column": 6 },
          "end": { "line": 101, "column": 7 }
        },
        "type": "if",
        "locations": [
          {
            "start": { "line": 99, "column": 6 },
            "end": { "line": 101, "column": 7 }
          },
          { "start": {}, "end": {} }
        ]
      },
      "12": {
        "loc": {
          "start": { "line": 99, "column": 10 },
          "end": { "line": 99, "column": 36 }
        },
        "type": "binary-expr",
        "locations": [
          {
            "start": { "line": 99, "column": 10 },
            "end": { "line": 99, "column": 21 }
          },
          {
            "start": { "line": 99, "column": 25 },
            "end": { "line": 99, "column": 36 }
          }
        ]
      },
      "13": {
        "loc": {
          "start": { "line": 104, "column": 4 },
          "end": { "line": 106, "column": 5 }
        },
        "type": "if",
        "locations": [
          {
            "start": { "line": 104, "column": 4 },
            "end": { "line": 106, "column": 5 }
          },
          { "start": {}, "end": {} }
        ]
      },
      "14": {
        "loc": {
          "start": { "line": 112, "column": 4 },
          "end": { "line": 114, "column": 5 }
        },
        "type": "if",
        "locations": [
          {
            "start": { "line": 112, "column": 4 },
            "end": { "line": 114, "column": 5 }
          },
          { "start": {}, "end": {} }
        ]
      }
    },
    "s": {
      "0": 0,
      "1": 0,
      "2": 0,
      "3": 0,
      "4": 0,
      "5": 0,
      "6": 0,
      "7": 0,
      "8": 0,
      "9": 0,
      "10": 0,
      "11": 0,
      "12": 0,
      "13": 0,
      "14": 0,
      "15": 0,
      "16": 0,
      "17": 0,
      "18": 0,
      "19": 0,
      "20": 0,
      "21": 0,
      "22": 0,
      "23": 0,
      "24": 0,
      "25": 0,
      "26": 0,
      "27": 0,
      "28": 0,
      "29": 0,
      "30": 0,
      "31": 0,
      "32": 0,
      "33": 0,
      "34": 0,
      "35": 0,
      "36": 0,
      "37": 0,
      "38": 0,
      "39": 0,
      "40": 0,
      "41": 0,
      "42": 0,
      "43": 0,
      "44": 0,
      "45": 0,
      "46": 0
    },
    "f": { "0": 0, "1": 0, "2": 0, "3": 0 },
    "b": {
      "0": [0, 0],
      "1": [0, 0],
      "2": [0, 0],
      "3": [0, 0],
      "4": [0, 0],
      "5": [0, 0],
      "6": [0, 0],
      "7": [0, 0],
      "8": [0, 0],
      "9": [0, 0],
      "10": [0, 0],
      "11": [0, 0],
      "12": [0, 0],
      "13": [0, 0],
      "14": [0, 0]
    }
  },
  "/Users/buramabobb/Documents/myWorkspace/blood-match-api/src/auth/otp-code.entity.ts": {
    "path": "/Users/buramabobb/Documents/myWorkspace/blood-match-api/src/auth/otp-code.entity.ts",
    "statementMap": {
      "0": {
        "start": { "line": 1, "column": 0 },
        "end": { "line": 1, "column": null }
      },
      "1": {
        "start": { "line": 8, "column": 0 },
        "end": { "line": 8, "column": null }
      },
      "2": {
        "start": { "line": 9, "column": 2 },
        "end": { "line": 9, "column": null }
      },
      "3": {
        "start": { "line": 10, "column": 2 },
        "end": { "line": 10, "column": null }
      },
      "4": {
        "start": { "line": 14, "column": 7 },
        "end": { "line": 41, "column": null }
      },
      "5": {
        "start": { "line": 14, "column": 13 },
        "end": { "line": 14, "column": 20 }
      },
      "6": {
        "start": { "line": 16, "column": 2 },
        "end": { "line": 16, "column": null }
      },
      "7": {
        "start": { "line": 19, "column": 2 },
        "end": { "line": 19, "column": null }
      },
      "8": {
        "start": { "line": 25, "column": 2 },
        "end": { "line": 25, "column": null }
      },
      "9": {
        "start": { "line": 28, "column": 2 },
        "end": { "line": 28, "column": null }
      },
      "10": {
        "start": { "line": 31, "column": 2 },
        "end": { "line": 31, "column": null }
      },
      "11": {
        "start": { "line": 34, "column": 2 },
        "end": { "line": 34, "column": null }
      },
      "12": {
        "start": { "line": 37, "column": 2 },
        "end": { "line": 37, "column": null }
      },
      "13": {
        "start": { "line": 40, "column": 2 },
        "end": { "line": 40, "column": null }
      },
      "14": {
        "start": { "line": 14, "column": 13 },
        "end": { "line": 41, "column": null }
      }
    },
    "fnMap": {
      "0": {
        "name": "(anonymous_2)",
        "decl": {
          "start": { "line": 8, "column": 0 },
          "end": { "line": 8, "column": 12 }
        },
        "loc": {
          "start": { "line": 8, "column": 22 },
          "end": { "line": 11, "column": 1 }
        }
      }
    },
    "branchMap": {
      "0": {
        "loc": {
          "start": { "line": 8, "column": 12 },
          "end": { "line": 8, "column": null }
        },
        "type": "binary-expr",
        "locations": [
          {
            "start": { "line": 8, "column": 12 },
            "end": { "line": 8, "column": 22 }
          },
          {
            "start": { "line": 8, "column": 22 },
            "end": { "line": 8, "column": null }
          }
        ]
      }
    },
    "s": {
      "0": 0,
      "1": 0,
      "2": 0,
      "3": 0,
      "4": 0,
      "5": 0,
      "6": 0,
      "7": 0,
      "8": 0,
      "9": 0,
      "10": 0,
      "11": 0,
      "12": 0,
      "13": 0,
      "14": 0
    },
    "f": { "0": 0 },
    "b": { "0": [0, 0] }
  },
  "/Users/buramabobb/Documents/myWorkspace/blood-match-api/src/auth/decorators/public.decorator.ts": {
    "path": "/Users/buramabobb/Documents/myWorkspace/blood-match-api/src/auth/decorators/public.decorator.ts",
    "statementMap": {
      "0": {
        "start": { "line": 1, "column": 0 },
        "end": { "line": 1, "column": 45 }
      },
      "1": {
        "start": { "line": 3, "column": 13 },
        "end": { "line": 3, "column": 32 }
      },
      "2": {
        "start": { "line": 5, "column": 22 },
        "end": { "line": 5, "column": 74 }
      },
      "3": {
        "start": { "line": 5, "column": 46 },
        "end": { "line": 5, "column": 74 }
      },
      "4": {
        "start": { "line": 5, "column": 13 },
        "end": { "line": 5, "column": 22 }
      },
      "5": {
        "start": { "line": 7, "column": 13 },
        "end": { "line": 7, "column": 40 }
      },
      "6": {
        "start": { "line": 9, "column": 27 },
        "end": { "line": 9, "column": 65 }
      },
      "7": {
        "start": { "line": 9, "column": 33 },
        "end": { "line": 9, "column": 65 }
      },
      "8": {
        "start": { "line": 9, "column": 13 },
        "end": { "line": 9, "column": 27 }
      }
    },
    "fnMap": {
      "0": {
        "name": "(anonymous_0)",
        "decl": {
          "start": { "line": 5, "column": 22 },
          "end": { "line": 5, "column": 23 }
        },
        "loc": {
          "start": { "line": 5, "column": 46 },
          "end": { "line": 5, "column": 74 }
        }
      },
      "1": {
        "name": "(anonymous_1)",
        "decl": {
          "start": { "line": 9, "column": 27 },
          "end": { "line": 9, "column": 30 }
        },
        "loc": {
          "start": { "line": 9, "column": 33 },
          "end": { "line": 9, "column": 65 }
        }
      }
    },
    "branchMap": {},
    "s": {
      "0": 0,
      "1": 0,
      "2": 0,
      "3": 0,
      "4": 0,
      "5": 0,
      "6": 0,
      "7": 0,
      "8": 0
    },
    "f": { "0": 0, "1": 0 },
    "b": {}
  },
  "/Users/buramabobb/Documents/myWorkspace/blood-match-api/src/auth/decorators/roles.decorator.ts": {
    "path": "/Users/buramabobb/Documents/myWorkspace/blood-match-api/src/auth/decorators/roles.decorator.ts",
    "statementMap": {
      "0": {
        "start": { "line": 1, "column": 0 },
        "end": { "line": 1, "column": 45 }
      },
      "1": {
        "start": { "line": 4, "column": 13 },
        "end": { "line": 4, "column": 33 }
      },
      "2": {
        "start": { "line": 6, "column": 21 },
        "end": { "line": 6, "column": 76 }
      },
      "3": {
        "start": { "line": 6, "column": 47 },
        "end": { "line": 6, "column": 76 }
      },
      "4": {
        "start": { "line": 6, "column": 13 },
        "end": { "line": 6, "column": 21 }
      }
    },
    "fnMap": {
      "0": {
        "name": "(anonymous_0)",
        "decl": {
          "start": { "line": 6, "column": 21 },
          "end": { "line": 6, "column": 22 }
        },
        "loc": {
          "start": { "line": 6, "column": 47 },
          "end": { "line": 6, "column": 76 }
        }
      }
    },
    "branchMap": {},
    "s": { "0": 0, "1": 0, "2": 0, "3": 0, "4": 0 },
    "f": { "0": 0 },
    "b": {}
  },
  "/Users/buramabobb/Documents/myWorkspace/blood-match-api/src/auth/dto/login.dto.ts": {
    "path": "/Users/buramabobb/Documents/myWorkspace/blood-match-api/src/auth/dto/login.dto.ts",
    "statementMap": {
      "0": {
        "start": { "line": 1, "column": 0 },
        "end": { "line": 1, "column": 46 }
      },
      "1": {
        "start": { "line": 2, "column": 0 },
        "end": { "line": 2, "column": null }
      },
      "2": {
        "start": { "line": 11, "column": 0 },
        "end": { "line": 11, "column": 13 }
      },
      "3": {
        "start": { "line": 15, "column": 2 },
        "end": { "line": 15, "column": null }
      },
      "4": {
        "start": { "line": 21, "column": 2 },
        "end": { "line": 21, "column": null }
      },
      "5": {
        "start": { "line": 26, "column": 2 },
        "end": { "line": 26, "column": null }
      }
    },
    "fnMap": {},
    "branchMap": {},
    "s": { "0": 0, "1": 0, "2": 0, "3": 0, "4": 0, "5": 0 },
    "f": {},
    "b": {}
  },
  "/Users/buramabobb/Documents/myWorkspace/blood-match-api/src/auth/dto/register-start.dto.ts": {
    "path": "/Users/buramabobb/Documents/myWorkspace/blood-match-api/src/auth/dto/register-start.dto.ts",
    "statementMap": {
      "0": {
        "start": { "line": 1, "column": 0 },
        "end": { "line": 1, "column": null }
      },
      "1": {
        "start": { "line": 9, "column": 0 },
        "end": { "line": 9, "column": 46 }
      },
      "2": {
        "start": { "line": 10, "column": 0 },
        "end": { "line": 10, "column": 60 }
      },
      "3": {
        "start": { "line": 12, "column": 0 },
        "end": { "line": 12, "column": 13 }
      },
      "4": {
        "start": { "line": 16, "column": 2 },
        "end": { "line": 16, "column": null }
      },
      "5": {
        "start": { "line": 21, "column": 2 },
        "end": { "line": 21, "column": null }
      },
      "6": {
        "start": { "line": 26, "column": 2 },
        "end": { "line": 26, "column": null }
      },
      "7": {
        "start": { "line": 31, "column": 2 },
        "end": { "line": 31, "column": null }
      },
      "8": {
        "start": { "line": 36, "column": 2 },
        "end": { "line": 36, "column": null }
      }
    },
    "fnMap": {},
    "branchMap": {},
    "s": {
      "0": 0,
      "1": 0,
      "2": 0,
      "3": 0,
      "4": 0,
      "5": 0,
      "6": 0,
      "7": 0,
      "8": 0
    },
    "f": {},
    "b": {}
  },
  "/Users/buramabobb/Documents/myWorkspace/blood-match-api/src/auth/dto/set-passcode.dto.ts": {
    "path": "/Users/buramabobb/Documents/myWorkspace/blood-match-api/src/auth/dto/set-passcode.dto.ts",
    "statementMap": {
      "0": {
        "start": { "line": 1, "column": 0 },
        "end": { "line": 1, "column": 46 }
      },
      "1": {
        "start": { "line": 2, "column": 0 },
        "end": { "line": 2, "column": 79 }
      },
      "2": {
        "start": { "line": 4, "column": 0 },
        "end": { "line": 4, "column": 13 }
      },
      "3": {
        "start": { "line": 8, "column": 2 },
        "end": { "line": 8, "column": null }
      },
      "4": {
        "start": { "line": 13, "column": 2 },
        "end": { "line": 13, "column": null }
      }
    },
    "fnMap": {},
    "branchMap": {},
    "s": { "0": 0, "1": 0, "2": 0, "3": 0, "4": 0 },
    "f": {},
    "b": {}
  },
  "/Users/buramabobb/Documents/myWorkspace/blood-match-api/src/auth/dto/verify-code.dto.ts": {
    "path": "/Users/buramabobb/Documents/myWorkspace/blood-match-api/src/auth/dto/verify-code.dto.ts",
    "statementMap": {
      "0": {
        "start": { "line": 1, "column": 0 },
        "end": { "line": 1, "column": 46 }
      },
      "1": {
        "start": { "line": 2, "column": 0 },
        "end": { "line": 2, "column": 78 }
      },
      "2": {
        "start": { "line": 4, "column": 0 },
        "end": { "line": 4, "column": 13 }
      },
      "3": {
        "start": { "line": 8, "column": 2 },
        "end": { "line": 8, "column": null }
      },
      "4": {
        "start": { "line": 13, "column": 2 },
        "end": { "line": 13, "column": null }
      }
    },
    "fnMap": {},
    "branchMap": {},
    "s": { "0": 0, "1": 0, "2": 0, "3": 0, "4": 0 },
    "f": {},
    "b": {}
  },
  "/Users/buramabobb/Documents/myWorkspace/blood-match-api/src/auth/guards/jwt-auth.guard.ts": {
    "path": "/Users/buramabobb/Documents/myWorkspace/blood-match-api/src/auth/guards/jwt-auth.guard.ts",
    "statementMap": {
      "0": {
        "start": { "line": 1, "column": 0 },
        "end": { "line": 1, "column": null }
      },
      "1": {
        "start": { "line": 6, "column": 0 },
        "end": { "line": 6, "column": 41 }
      },
      "2": {
        "start": { "line": 7, "column": 0 },
        "end": { "line": 7, "column": 45 }
      },
      "3": {
        "start": { "line": 11, "column": 7 },
        "end": { "line": 35, "column": null }
      },
      "4": {
        "start": { "line": 13, "column": 4 },
        "end": { "line": 13, "column": 12 }
      },
      "5": {
        "start": { "line": 12, "column": 22 },
        "end": { "line": 12, "column": 33 }
      },
      "6": {
        "start": { "line": 19, "column": 21 },
        "end": { "line": 22, "column": 6 }
      },
      "7": {
        "start": { "line": 23, "column": 4 },
        "end": { "line": 25, "column": 5 }
      },
      "8": {
        "start": { "line": 24, "column": 6 },
        "end": { "line": 24, "column": 18 }
      },
      "9": {
        "start": { "line": 26, "column": 4 },
        "end": { "line": 26, "column": 38 }
      },
      "10": {
        "start": { "line": 30, "column": 4 },
        "end": { "line": 32, "column": 5 }
      },
      "11": {
        "start": { "line": 31, "column": 6 },
        "end": { "line": 31, "column": 72 }
      },
      "12": {
        "start": { "line": 33, "column": 4 },
        "end": { "line": 33, "column": 16 }
      },
      "13": {
        "start": { "line": 11, "column": 13 },
        "end": { "line": 11, "column": 25 }
      },
      "14": {
        "start": { "line": 11, "column": 13 },
        "end": { "line": 35, "column": null }
      }
    },
    "fnMap": {
      "0": {
        "name": "(anonymous_2)",
        "decl": {
          "start": { "line": 12, "column": 2 },
          "end": { "line": 12, "column": 22 }
        },
        "loc": {
          "start": { "line": 12, "column": 42 },
          "end": { "line": 14, "column": 3 }
        }
      },
      "1": {
        "name": "(anonymous_3)",
        "decl": {
          "start": { "line": 16, "column": 2 },
          "end": { "line": 16, "column": 13 }
        },
        "loc": {
          "start": { "line": 17, "column": 29 },
          "end": { "line": 27, "column": 3 }
        }
      },
      "2": {
        "name": "(anonymous_4)",
        "decl": {
          "start": { "line": 29, "column": 2 },
          "end": { "line": 29, "column": 15 }
        },
        "loc": {
          "start": { "line": 29, "column": 59 },
          "end": { "line": 34, "column": 3 }
        }
      }
    },
    "branchMap": {
      "0": {
        "loc": {
          "start": { "line": 23, "column": 4 },
          "end": { "line": 25, "column": 5 }
        },
        "type": "if",
        "locations": [
          {
            "start": { "line": 23, "column": 4 },
            "end": { "line": 25, "column": 5 }
          },
          { "start": {}, "end": {} }
        ]
      },
      "1": {
        "loc": {
          "start": { "line": 30, "column": 4 },
          "end": { "line": 32, "column": 5 }
        },
        "type": "if",
        "locations": [
          {
            "start": { "line": 30, "column": 4 },
            "end": { "line": 32, "column": 5 }
          },
          { "start": {}, "end": {} }
        ]
      },
      "2": {
        "loc": {
          "start": { "line": 30, "column": 8 },
          "end": { "line": 30, "column": 20 }
        },
        "type": "binary-expr",
        "locations": [
          {
            "start": { "line": 30, "column": 8 },
            "end": { "line": 30, "column": 11 }
          },
          {
            "start": { "line": 30, "column": 15 },
            "end": { "line": 30, "column": 20 }
          }
        ]
      },
      "3": {
        "loc": {
          "start": { "line": 31, "column": 12 },
          "end": { "line": 31, "column": 71 }
        },
        "type": "binary-expr",
        "locations": [
          {
            "start": { "line": 31, "column": 12 },
            "end": { "line": 31, "column": 15 }
          },
          {
            "start": { "line": 31, "column": 19 },
            "end": { "line": 31, "column": 71 }
          }
        ]
      }
    },
    "s": {
      "0": 0,
      "1": 0,
      "2": 0,
      "3": 0,
      "4": 0,
      "5": 0,
      "6": 0,
      "7": 0,
      "8": 0,
      "9": 0,
      "10": 0,
      "11": 0,
      "12": 0,
      "13": 0,
      "14": 0
    },
    "f": { "0": 0, "1": 0, "2": 0 },
    "b": { "0": [0, 0], "1": [0, 0], "2": [0, 0], "3": [0, 0] }
  },
  "/Users/buramabobb/Documents/myWorkspace/blood-match-api/src/auth/guards/roles.guard.ts": {
    "path": "/Users/buramabobb/Documents/myWorkspace/blood-match-api/src/auth/guards/roles.guard.ts",
    "statementMap": {
      "0": {
        "start": { "line": 1, "column": 0 },
        "end": { "line": 1, "column": null }
      },
      "1": {
        "start": { "line": 7, "column": 0 },
        "end": { "line": 7, "column": 41 }
      },
      "2": {
        "start": { "line": 11, "column": 7 },
        "end": { "line": 37, "column": null }
      },
      "3": {
        "start": { "line": 12, "column": 31 },
        "end": { "line": 12, "column": 42 }
      },
      "4": {
        "start": { "line": 15, "column": 26 },
        "end": { "line": 17, "column": null }
      },
      "5": {
        "start": { "line": 19, "column": 4 },
        "end": { "line": 21, "column": 5 }
      },
      "6": {
        "start": { "line": 20, "column": 6 },
        "end": { "line": 20, "column": 18 }
      },
      "7": {
        "start": { "line": 23, "column": 21 },
        "end": { "line": 23, "column": 56 }
      },
      "8": {
        "start": { "line": 24, "column": 4 },
        "end": { "line": 26, "column": 5 }
      },
      "9": {
        "start": { "line": 25, "column": 6 },
        "end": { "line": 25, "column": 64 }
      },
      "10": {
        "start": { "line": 28, "column": 20 },
        "end": { "line": 28, "column": 53 }
      },
      "11": {
        "start": { "line": 29, "column": 4 },
        "end": { "line": 33, "column": 5 }
      },
      "12": {
        "start": { "line": 30, "column": 6 },
        "end": { "line": 32, "column": 8 }
      },
      "13": {
        "start": { "line": 35, "column": 4 },
        "end": { "line": 35, "column": 16 }
      },
      "14": {
        "start": { "line": 11, "column": 13 },
        "end": { "line": 11, "column": 23 }
      },
      "15": {
        "start": { "line": 11, "column": 13 },
        "end": { "line": 37, "column": null }
      }
    },
    "fnMap": {
      "0": {
        "name": "(anonymous_2)",
        "decl": {
          "start": { "line": 12, "column": 2 },
          "end": { "line": 12, "column": 31 }
        },
        "loc": {
          "start": { "line": 12, "column": 51 },
          "end": { "line": 12, "column": 55 }
        }
      },
      "1": {
        "name": "(anonymous_3)",
        "decl": {
          "start": { "line": 14, "column": 2 },
          "end": { "line": 14, "column": 13 }
        },
        "loc": {
          "start": { "line": 14, "column": 39 },
          "end": { "line": 36, "column": 3 }
        }
      }
    },
    "branchMap": {
      "0": {
        "loc": {
          "start": { "line": 19, "column": 4 },
          "end": { "line": 21, "column": 5 }
        },
        "type": "if",
        "locations": [
          {
            "start": { "line": 19, "column": 4 },
            "end": { "line": 21, "column": 5 }
          },
          { "start": {}, "end": {} }
        ]
      },
      "1": {
        "loc": {
          "start": { "line": 24, "column": 4 },
          "end": { "line": 26, "column": 5 }
        },
        "type": "if",
        "locations": [
          {
            "start": { "line": 24, "column": 4 },
            "end": { "line": 26, "column": 5 }
          },
          { "start": {}, "end": {} }
        ]
      },
      "2": {
        "loc": {
          "start": { "line": 29, "column": 4 },
          "end": { "line": 33, "column": 5 }
        },
        "type": "if",
        "locations": [
          {
            "start": { "line": 29, "column": 4 },
            "end": { "line": 33, "column": 5 }
          },
          { "start": {}, "end": {} }
        ]
      }
    },
    "s": {
      "0": 0,
      "1": 0,
      "2": 0,
      "3": 0,
      "4": 0,
      "5": 0,
      "6": 0,
      "7": 0,
      "8": 0,
      "9": 0,
      "10": 0,
      "11": 0,
      "12": 0,
      "13": 0,
      "14": 0,
      "15": 0
    },
    "f": { "0": 0, "1": 0 },
    "b": { "0": [0, 0], "1": [0, 0], "2": [0, 0] }
  },
  "/Users/buramabobb/Documents/myWorkspace/blood-match-api/src/auth/strategies/jwt.strategy.ts": {
    "path": "/Users/buramabobb/Documents/myWorkspace/blood-match-api/src/auth/strategies/jwt.strategy.ts",
    "statementMap": {
      "0": {
        "start": { "line": 1, "column": 0 },
        "end": { "line": 1, "column": 67 }
      },
      "1": {
        "start": { "line": 2, "column": 0 },
        "end": { "line": 2, "column": 52 }
      },
      "2": {
        "start": { "line": 3, "column": 0 },
        "end": { "line": 3, "column": 52 }
      },
      "3": {
        "start": { "line": 4, "column": 0 },
        "end": { "line": 4, "column": 47 }
      },
      "4": {
        "start": { "line": 5, "column": 0 },
        "end": { "line": 5, "column": 66 }
      },
      "5": {
        "start": { "line": 8, "column": 7 },
        "end": { "line": 40, "column": null }
      },
      "6": {
        "start": { "line": 13, "column": 22 },
        "end": { "line": 13, "column": 77 }
      },
      "7": {
        "start": { "line": 14, "column": 4 },
        "end": { "line": 16, "column": 5 }
      },
      "8": {
        "start": { "line": 15, "column": 6 },
        "end": { "line": 15, "column": 76 }
      },
      "9": {
        "start": { "line": 18, "column": 4 },
        "end": { "line": 25, "column": 7 }
      },
      "10": {
        "start": { "line": 10, "column": 12 },
        "end": { "line": 10, "column": 27 }
      },
      "11": {
        "start": { "line": 11, "column": 12 },
        "end": { "line": 11, "column": 26 }
      },
      "12": {
        "start": { "line": 29, "column": 4 },
        "end": { "line": 38, "column": 5 }
      },
      "13": {
        "start": { "line": 30, "column": 19 },
        "end": { "line": 30, "column": 63 }
      },
      "14": {
        "start": { "line": 31, "column": 6 },
        "end": { "line": 33, "column": 7 }
      },
      "15": {
        "start": { "line": 32, "column": 8 },
        "end": { "line": 32, "column": 57 }
      },
      "16": {
        "start": { "line": 34, "column": 38 },
        "end": { "line": 34, "column": 42 }
      },
      "17": {
        "start": { "line": 35, "column": 6 },
        "end": { "line": 35, "column": 20 }
      },
      "18": {
        "start": { "line": 37, "column": 6 },
        "end": { "line": 37, "column": 55 }
      },
      "19": {
        "start": { "line": 8, "column": 13 },
        "end": { "line": 8, "column": 24 }
      },
      "20": {
        "start": { "line": 8, "column": 13 },
        "end": { "line": 40, "column": null }
      }
    },
    "fnMap": {
      "0": {
        "name": "(anonymous_2)",
        "decl": {
          "start": { "line": 9, "column": 2 },
          "end": { "line": 9, "column": null }
        },
        "loc": {
          "start": { "line": 11, "column": 38 },
          "end": { "line": 26, "column": 3 }
        }
      },
      "1": {
        "name": "(anonymous_3)",
        "decl": {
          "start": { "line": 28, "column": 2 },
          "end": { "line": 28, "column": 7 }
        },
        "loc": {
          "start": { "line": 28, "column": 29 },
          "end": { "line": 39, "column": 3 }
        }
      }
    },
    "branchMap": {
      "0": {
        "loc": {
          "start": { "line": 13, "column": 22 },
          "end": { "line": 13, "column": 77 }
        },
        "type": "binary-expr",
        "locations": [
          {
            "start": { "line": 13, "column": 22 },
            "end": { "line": 13, "column": 61 }
          },
          {
            "start": { "line": 13, "column": 65 },
            "end": { "line": 13, "column": 77 }
          }
        ]
      },
      "1": {
        "loc": {
          "start": { "line": 14, "column": 4 },
          "end": { "line": 16, "column": 5 }
        },
        "type": "if",
        "locations": [
          {
            "start": { "line": 14, "column": 4 },
            "end": { "line": 16, "column": 5 }
          },
          { "start": {}, "end": {} }
        ]
      },
      "2": {
        "loc": {
          "start": { "line": 22, "column": 14 },
          "end": { "line": 22, "column": 74 }
        },
        "type": "binary-expr",
        "locations": [
          {
            "start": { "line": 22, "column": 14 },
            "end": { "line": 22, "column": 53 }
          },
          {
            "start": { "line": 22, "column": 57 },
            "end": { "line": 22, "column": 74 }
          }
        ]
      },
      "3": {
        "loc": {
          "start": { "line": 24, "column": 8 },
          "end": { "line": 24, "column": 77 }
        },
        "type": "binary-expr",
        "locations": [
          {
            "start": { "line": 24, "column": 8 },
            "end": { "line": 24, "column": 49 }
          },
          {
            "start": { "line": 24, "column": 53 },
            "end": { "line": 24, "column": 77 }
          }
        ]
      },
      "4": {
        "loc": {
          "start": { "line": 31, "column": 6 },
          "end": { "line": 33, "column": 7 }
        },
        "type": "if",
        "locations": [
          {
            "start": { "line": 31, "column": 6 },
            "end": { "line": 33, "column": 7 }
          },
          { "start": {}, "end": {} }
        ]
      }
    },
    "s": {
      "0": 0,
      "1": 0,
      "2": 0,
      "3": 0,
      "4": 0,
      "5": 0,
      "6": 0,
      "7": 0,
      "8": 0,
      "9": 0,
      "10": 0,
      "11": 0,
      "12": 0,
      "13": 0,
      "14": 0,
      "15": 0,
      "16": 0,
      "17": 0,
      "18": 0,
      "19": 0,
      "20": 0
    },
    "f": { "0": 0, "1": 0 },
    "b": { "0": [0, 0], "1": [0, 0], "2": [0, 0], "3": [0, 0], "4": [0, 0] }
  },
  "/Users/buramabobb/Documents/myWorkspace/blood-match-api/src/chat/chat.module.ts": {
    "path": "/Users/buramabobb/Documents/myWorkspace/blood-match-api/src/chat/chat.module.ts",
    "statementMap": {
      "0": {
        "start": { "line": 1, "column": 0 },
        "end": { "line": 1, "column": 40 }
      },
      "1": {
        "start": { "line": 2, "column": 0 },
        "end": { "line": 2, "column": 48 }
      },
      "2": {
        "start": { "line": 3, "column": 0 },
        "end": { "line": 3, "column": 54 }
      },
      "3": {
        "start": { "line": 4, "column": 0 },
        "end": { "line": 4, "column": 63 }
      },
      "4": {
        "start": { "line": 5, "column": 0 },
        "end": { "line": 5, "column": 63 }
      },
      "5": {
        "start": { "line": 13, "column": 7 },
        "end": { "line": 13, "column": null }
      },
      "6": {
        "start": { "line": 13, "column": 13 },
        "end": { "line": 13, "column": 23 }
      },
      "7": {
        "start": { "line": 13, "column": 13 },
        "end": { "line": 13, "column": null }
      }
    },
    "fnMap": {},
    "branchMap": {},
    "s": { "0": 0, "1": 0, "2": 0, "3": 0, "4": 0, "5": 0, "6": 0, "7": 0 },
    "f": {},
    "b": {}
  },
  "/Users/buramabobb/Documents/myWorkspace/blood-match-api/src/chat/controllers/chat.controller.ts": {
    "path": "/Users/buramabobb/Documents/myWorkspace/blood-match-api/src/chat/controllers/chat.controller.ts",
    "statementMap": {
      "0": {
        "start": { "line": 1, "column": 0 },
        "end": { "line": 1, "column": null }
      },
      "1": {
        "start": { "line": 10, "column": 0 },
        "end": { "line": 10, "column": 57 }
      },
      "2": {
        "start": { "line": 11, "column": 0 },
        "end": { "line": 11, "column": 64 }
      },
      "3": {
        "start": { "line": 12, "column": 0 },
        "end": { "line": 12, "column": 57 }
      },
      "4": {
        "start": { "line": 13, "column": 0 },
        "end": { "line": 13, "column": 55 }
      },
      "5": {
        "start": { "line": 19, "column": 7 },
        "end": { "line": 56, "column": null }
      },
      "6": {
        "start": { "line": 20, "column": 31 },
        "end": { "line": 20, "column": 44 }
      },
      "7": {
        "start": { "line": 24, "column": 4 },
        "end": { "line": 24, "column": 69 }
      },
      "8": {
        "start": { "line": 36, "column": 4 },
        "end": { "line": 36, "column": 65 }
      },
      "9": {
        "start": { "line": 41, "column": 4 },
        "end": { "line": 41, "column": 56 }
      },
      "10": {
        "start": { "line": 49, "column": 4 },
        "end": { "line": 49, "column": 74 }
      },
      "11": {
        "start": { "line": 54, "column": 4 },
        "end": { "line": 54, "column": 62 }
      },
      "12": {
        "start": { "line": 19, "column": 13 },
        "end": { "line": 19, "column": 27 }
      },
      "13": {
        "start": { "line": 23, "column": 2 },
        "end": { "line": 25, "column": null }
      },
      "14": {
        "start": { "line": 35, "column": 2 },
        "end": { "line": 37, "column": null }
      },
      "15": {
        "start": { "line": 40, "column": 2 },
        "end": { "line": 42, "column": null }
      },
      "16": {
        "start": { "line": 45, "column": 2 },
        "end": { "line": 50, "column": null }
      },
      "17": {
        "start": { "line": 53, "column": 2 },
        "end": { "line": 55, "column": null }
      },
      "18": {
        "start": { "line": 19, "column": 13 },
        "end": { "line": 56, "column": null }
      }
    },
    "fnMap": {
      "0": {
        "name": "(anonymous_4)",
        "decl": {
          "start": { "line": 20, "column": 2 },
          "end": { "line": 20, "column": 31 }
        },
        "loc": {
          "start": { "line": 20, "column": 55 },
          "end": { "line": 20, "column": 59 }
        }
      },
      "1": {
        "name": "(anonymous_5)",
        "decl": {
          "start": { "line": 23, "column": 2 },
          "end": { "line": 23, "column": 13 }
        },
        "loc": {
          "start": { "line": 23, "column": 73 },
          "end": { "line": 25, "column": 3 }
        }
      },
      "2": {
        "name": "(anonymous_6)",
        "decl": {
          "start": { "line": 35, "column": 2 },
          "end": { "line": 35, "column": 17 }
        },
        "loc": {
          "start": { "line": 35, "column": 70 },
          "end": { "line": 37, "column": 3 }
        }
      },
      "3": {
        "name": "(anonymous_7)",
        "decl": {
          "start": { "line": 40, "column": 2 },
          "end": { "line": 40, "column": 16 }
        },
        "loc": {
          "start": { "line": 40, "column": 36 },
          "end": { "line": 42, "column": 3 }
        }
      },
      "4": {
        "name": "(anonymous_8)",
        "decl": {
          "start": { "line": 45, "column": 2 },
          "end": { "line": 45, "column": 24 }
        },
        "loc": {
          "start": { "line": 47, "column": 39 },
          "end": { "line": 50, "column": 3 }
        }
      },
      "5": {
        "name": "(anonymous_9)",
        "decl": {
          "start": { "line": 53, "column": 2 },
          "end": { "line": 53, "column": 12 }
        },
        "loc": {
          "start": { "line": 53, "column": 69 },
          "end": { "line": 55, "column": 3 }
        }
      }
    },
    "branchMap": {},
    "s": {
      "0": 0,
      "1": 0,
      "2": 0,
      "3": 0,
      "4": 0,
      "5": 0,
      "6": 0,
      "7": 0,
      "8": 0,
      "9": 0,
      "10": 0,
      "11": 0,
      "12": 0,
      "13": 0,
      "14": 0,
      "15": 0,
      "16": 0,
      "17": 0,
      "18": 0
    },
    "f": { "0": 0, "1": 0, "2": 0, "3": 0, "4": 0, "5": 0 },
    "b": {}
  },
  "/Users/buramabobb/Documents/myWorkspace/blood-match-api/src/chat/dto/send-message.dto.ts": {
    "path": "/Users/buramabobb/Documents/myWorkspace/blood-match-api/src/chat/dto/send-message.dto.ts",
    "statementMap": {
      "0": {
        "start": { "line": 1, "column": 0 },
        "end": { "line": 1, "column": 63 }
      },
      "1": {
        "start": { "line": 3, "column": 0 },
        "end": { "line": 3, "column": 13 }
      },
      "2": {
        "start": { "line": 6, "column": 2 },
        "end": { "line": 6, "column": null }
      },
      "3": {
        "start": { "line": 10, "column": 2 },
        "end": { "line": 10, "column": null }
      }
    },
    "fnMap": {},
    "branchMap": {},
    "s": { "0": 0, "1": 0, "2": 0, "3": 0 },
    "f": {},
    "b": {}
  },
  "/Users/buramabobb/Documents/myWorkspace/blood-match-api/src/chat/entities/chat.entity.ts": {
    "path": "/Users/buramabobb/Documents/myWorkspace/blood-match-api/src/chat/entities/chat.entity.ts",
    "statementMap": {
      "0": {
        "start": { "line": 1, "column": 0 },
        "end": { "line": 1, "column": 54 }
      },
      "1": {
        "start": { "line": 2, "column": 0 },
        "end": { "line": 2, "column": null }
      },
      "2": {
        "start": { "line": 11, "column": 7 },
        "end": { "line": 35, "column": null }
      },
      "3": {
        "start": { "line": 11, "column": 13 },
        "end": { "line": 11, "column": 24 }
      },
      "4": {
        "start": { "line": 13, "column": 2 },
        "end": { "line": 13, "column": null }
      },
      "5": {
        "start": { "line": 16, "column": 2 },
        "end": { "line": 16, "column": null }
      },
      "6": {
        "start": { "line": 15, "column": 19 },
        "end": { "line": 15, "column": 23 }
      },
      "7": {
        "start": { "line": 19, "column": 2 },
        "end": { "line": 19, "column": null }
      },
      "8": {
        "start": { "line": 22, "column": 2 },
        "end": { "line": 22, "column": null }
      },
      "9": {
        "start": { "line": 21, "column": 19 },
        "end": { "line": 21, "column": 23 }
      },
      "10": {
        "start": { "line": 25, "column": 2 },
        "end": { "line": 25, "column": null }
      },
      "11": {
        "start": { "line": 28, "column": 2 },
        "end": { "line": 28, "column": null }
      },
      "12": {
        "start": { "line": 31, "column": 2 },
        "end": { "line": 31, "column": null }
      },
      "13": {
        "start": { "line": 34, "column": 2 },
        "end": { "line": 34, "column": null }
      },
      "14": {
        "start": { "line": 11, "column": 13 },
        "end": { "line": 35, "column": null }
      },
      "15": {
        "start": { "line": 38, "column": 7 },
        "end": { "line": 59, "column": null }
      },
      "16": {
        "start": { "line": 38, "column": 13 },
        "end": { "line": 38, "column": 21 }
      },
      "17": {
        "start": { "line": 40, "column": 2 },
        "end": { "line": 40, "column": null }
      },
      "18": {
        "start": { "line": 43, "column": 2 },
        "end": { "line": 43, "column": null }
      },
      "19": {
        "start": { "line": 42, "column": 19 },
        "end": { "line": 42, "column": 23 }
      },
      "20": {
        "start": { "line": 46, "column": 2 },
        "end": { "line": 46, "column": null }
      },
      "21": {
        "start": { "line": 49, "column": 2 },
        "end": { "line": 49, "column": null }
      },
      "22": {
        "start": { "line": 48, "column": 19 },
        "end": { "line": 48, "column": 23 }
      },
      "23": {
        "start": { "line": 52, "column": 2 },
        "end": { "line": 52, "column": null }
      },
      "24": {
        "start": { "line": 55, "column": 2 },
        "end": { "line": 55, "column": null }
      },
      "25": {
        "start": { "line": 58, "column": 2 },
        "end": { "line": 58, "column": null }
      },
      "26": {
        "start": { "line": 38, "column": 13 },
        "end": { "line": 59, "column": null }
      }
    },
    "fnMap": {
      "0": {
        "name": "(anonymous_2)",
        "decl": {
          "start": { "line": 15, "column": 13 },
          "end": { "line": 15, "column": 16 }
        },
        "loc": {
          "start": { "line": 15, "column": 19 },
          "end": { "line": 15, "column": 23 }
        }
      },
      "1": {
        "name": "(anonymous_3)",
        "decl": {
          "start": { "line": 21, "column": 13 },
          "end": { "line": 21, "column": 16 }
        },
        "loc": {
          "start": { "line": 21, "column": 19 },
          "end": { "line": 21, "column": 23 }
        }
      },
      "2": {
        "name": "(anonymous_4)",
        "decl": {
          "start": { "line": 42, "column": 13 },
          "end": { "line": 42, "column": 16 }
        },
        "loc": {
          "start": { "line": 42, "column": 19 },
          "end": { "line": 42, "column": 23 }
        }
      },
      "3": {
        "name": "(anonymous_5)",
        "decl": {
          "start": { "line": 48, "column": 13 },
          "end": { "line": 48, "column": 16 }
        },
        "loc": {
          "start": { "line": 48, "column": 19 },
          "end": { "line": 48, "column": 23 }
        }
      }
    },
    "branchMap": {},
    "s": {
      "0": 0,
      "1": 0,
      "2": 0,
      "3": 0,
      "4": 0,
      "5": 0,
      "6": 0,
      "7": 0,
      "8": 0,
      "9": 0,
      "10": 0,
      "11": 0,
      "12": 0,
      "13": 0,
      "14": 0,
      "15": 0,
      "16": 0,
      "17": 0,
      "18": 0,
      "19": 0,
      "20": 0,
      "21": 0,
      "22": 0,
      "23": 0,
      "24": 0,
      "25": 0,
      "26": 0
    },
    "f": { "0": 0, "1": 0, "2": 0, "3": 0 },
    "b": {}
  },
  "/Users/buramabobb/Documents/myWorkspace/blood-match-api/src/chat/services/chat.service.ts": {
    "path": "/Users/buramabobb/Documents/myWorkspace/blood-match-api/src/chat/services/chat.service.ts",
    "statementMap": {
      "0": {
        "start": { "line": 1, "column": 0 },
        "end": { "line": 1, "column": null }
      },
      "1": {
        "start": { "line": 6, "column": 0 },
        "end": { "line": 6, "column": 51 }
      },
      "2": {
        "start": { "line": 7, "column": 0 },
        "end": { "line": 7, "column": 37 }
      },
      "3": {
        "start": { "line": 8, "column": 0 },
        "end": { "line": 8, "column": 64 }
      },
      "4": {
        "start": { "line": 12, "column": 7 },
        "end": { "line": 142, "column": null }
      },
      "5": {
        "start": { "line": 15, "column": 12 },
        "end": { "line": 15, "column": 35 }
      },
      "6": {
        "start": { "line": 17, "column": 12 },
        "end": { "line": 17, "column": 32 }
      },
      "7": {
        "start": { "line": 24, "column": 36 },
        "end": { "line": 24, "column": 50 }
      },
      "8": {
        "start": { "line": 26, "column": 19 },
        "end": { "line": 26, "column": 64 }
      },
      "9": {
        "start": { "line": 27, "column": 4 },
        "end": { "line": 29, "column": 5 }
      },
      "10": {
        "start": { "line": 28, "column": 6 },
        "end": { "line": 28, "column": 65 }
      },
      "11": {
        "start": { "line": 31, "column": 20 },
        "end": { "line": 35, "column": 6 }
      },
      "12": {
        "start": { "line": 37, "column": 4 },
        "end": { "line": 37, "column": 40 }
      },
      "13": {
        "start": { "line": 38, "column": 4 },
        "end": { "line": 38, "column": 49 }
      },
      "14": {
        "start": { "line": 40, "column": 4 },
        "end": { "line": 40, "column": 52 }
      },
      "15": {
        "start": { "line": 47, "column": 4 },
        "end": { "line": 52, "column": 7 }
      },
      "16": {
        "start": { "line": 56, "column": 21 },
        "end": { "line": 59, "column": 6 }
      },
      "17": {
        "start": { "line": 60, "column": 4 },
        "end": { "line": 60, "column": 50 }
      },
      "18": {
        "start": { "line": 67, "column": 21 },
        "end": { "line": 84, "column": 6 }
      },
      "19": {
        "start": { "line": 86, "column": 4 },
        "end": { "line": 86, "column": 47 }
      },
      "20": {
        "start": { "line": 88, "column": 4 },
        "end": { "line": 88, "column": 20 }
      },
      "21": {
        "start": { "line": 92, "column": 4 },
        "end": { "line": 110, "column": 17 }
      },
      "22": {
        "start": { "line": 114, "column": 4 },
        "end": { "line": 125, "column": 17 }
      },
      "23": {
        "start": { "line": 129, "column": 4 },
        "end": { "line": 131, "column": 7 }
      },
      "24": {
        "start": { "line": 138, "column": 4 },
        "end": { "line": 140, "column": 7 }
      },
      "25": {
        "start": { "line": 12, "column": 13 },
        "end": { "line": 12, "column": 24 }
      },
      "26": {
        "start": { "line": 12, "column": 13 },
        "end": { "line": 142, "column": null }
      }
    },
    "fnMap": {
      "0": {
        "name": "(anonymous_4)",
        "decl": {
          "start": { "line": 13, "column": 2 },
          "end": { "line": 13, "column": null }
        },
        "loc": {
          "start": { "line": 17, "column": 52 },
          "end": { "line": 18, "column": 6 }
        }
      },
      "1": {
        "name": "(anonymous_5)",
        "decl": {
          "start": { "line": 20, "column": 2 },
          "end": { "line": 20, "column": 7 }
        },
        "loc": {
          "start": { "line": 22, "column": 34 },
          "end": { "line": 41, "column": 3 }
        }
      },
      "2": {
        "name": "(anonymous_6)",
        "decl": {
          "start": { "line": 43, "column": 2 },
          "end": { "line": 43, "column": 7 }
        },
        "loc": {
          "start": { "line": 45, "column": 19 },
          "end": { "line": 53, "column": 3 }
        }
      },
      "3": {
        "name": "(anonymous_7)",
        "decl": {
          "start": { "line": 55, "column": 2 },
          "end": { "line": 55, "column": 7 }
        },
        "loc": {
          "start": { "line": 55, "column": 55 },
          "end": { "line": 61, "column": 3 }
        }
      },
      "4": {
        "name": "(anonymous_8)",
        "decl": {
          "start": { "line": 63, "column": 2 },
          "end": { "line": 63, "column": 7 }
        },
        "loc": {
          "start": { "line": 65, "column": 23 },
          "end": { "line": 89, "column": 3 }
        }
      },
      "5": {
        "name": "(anonymous_9)",
        "decl": {
          "start": { "line": 91, "column": 2 },
          "end": { "line": 91, "column": 7 }
        },
        "loc": {
          "start": { "line": 91, "column": 37 },
          "end": { "line": 111, "column": 3 }
        }
      },
      "6": {
        "name": "(anonymous_10)",
        "decl": {
          "start": { "line": 113, "column": 2 },
          "end": { "line": 113, "column": 7 }
        },
        "loc": {
          "start": { "line": 113, "column": 55 },
          "end": { "line": 126, "column": 3 }
        }
      },
      "7": {
        "name": "(anonymous_11)",
        "decl": {
          "start": { "line": 128, "column": 2 },
          "end": { "line": 128, "column": 7 }
        },
        "loc": {
          "start": { "line": 128, "column": 37 },
          "end": { "line": 132, "column": 3 }
        }
      },
      "8": {
        "name": "(anonymous_12)",
        "decl": {
          "start": { "line": 134, "column": 2 },
          "end": { "line": 134, "column": 7 }
        },
        "loc": {
          "start": { "line": 136, "column": 20 },
          "end": { "line": 141, "column": 3 }
        }
      }
    },
    "branchMap": {
      "0": {
        "loc": {
          "start": { "line": 27, "column": 4 },
          "end": { "line": 29, "column": 5 }
        },
        "type": "if",
        "locations": [
          {
            "start": { "line": 27, "column": 4 },
            "end": { "line": 29, "column": 5 }
          },
          { "start": {}, "end": {} }
        ]
      }
    },
    "s": {
      "0": 0,
      "1": 0,
      "2": 0,
      "3": 0,
      "4": 0,
      "5": 0,
      "6": 0,
      "7": 0,
      "8": 0,
      "9": 0,
      "10": 0,
      "11": 0,
      "12": 0,
      "13": 0,
      "14": 0,
      "15": 0,
      "16": 0,
      "17": 0,
      "18": 0,
      "19": 0,
      "20": 0,
      "21": 0,
      "22": 0,
      "23": 0,
      "24": 0,
      "25": 0,
      "26": 0
    },
    "f": {
      "0": 0,
      "1": 0,
      "2": 0,
      "3": 0,
      "4": 0,
      "5": 0,
      "6": 0,
      "7": 0,
      "8": 0
    },
    "b": { "0": [0, 0] }
  },
  "/Users/buramabobb/Documents/myWorkspace/blood-match-api/src/decorators/username-validator.decorator.ts": {
    "path": "/Users/buramabobb/Documents/myWorkspace/blood-match-api/src/decorators/username-validator.decorator.ts",
    "statementMap": {
      "0": {
        "start": { "line": 1, "column": 0 },
        "end": { "line": 1, "column": null }
      },
      "1": {
        "start": { "line": 5, "column": 0 },
        "end": { "line": 5, "column": 37 }
      },
      "2": {
        "start": { "line": 6, "column": 0 },
        "end": { "line": 6, "column": 44 }
      },
      "3": {
        "start": { "line": 11, "column": 7 },
        "end": { "line": 23, "column": null }
      },
      "4": {
        "start": { "line": 12, "column": 31 },
        "end": { "line": 12, "column": 47 }
      },
      "5": {
        "start": { "line": 14, "column": 17 },
        "end": { "line": 16, "column": 6 }
      },
      "6": {
        "start": { "line": 17, "column": 4 },
        "end": { "line": 17, "column": 34 }
      },
      "7": {
        "start": { "line": 21, "column": 4 },
        "end": { "line": 21, "column": 74 }
      },
      "8": {
        "start": { "line": 11, "column": 13 },
        "end": { "line": 11, "column": 30 }
      },
      "9": {
        "start": { "line": 11, "column": 13 },
        "end": { "line": 23, "column": null }
      }
    },
    "fnMap": {
      "0": {
        "name": "(anonymous_2)",
        "decl": {
          "start": { "line": 12, "column": 2 },
          "end": { "line": 12, "column": 31 }
        },
        "loc": {
          "start": { "line": 12, "column": 63 },
          "end": { "line": 12, "column": 67 }
        }
      },
      "1": {
        "name": "(anonymous_3)",
        "decl": {
          "start": { "line": 13, "column": 2 },
          "end": { "line": 13, "column": 7 }
        },
        "loc": {
          "start": { "line": 13, "column": 33 },
          "end": { "line": 18, "column": 3 }
        }
      },
      "2": {
        "name": "(anonymous_4)",
        "decl": {
          "start": { "line": 20, "column": 2 },
          "end": { "line": 20, "column": 16 }
        },
        "loc": {
          "start": { "line": 20, "column": 16 },
          "end": { "line": 22, "column": 3 }
        }
      }
    },
    "branchMap": {},
    "s": {
      "0": 0,
      "1": 0,
      "2": 0,
      "3": 0,
      "4": 0,
      "5": 0,
      "6": 0,
      "7": 0,
      "8": 0,
      "9": 0
    },
    "f": { "0": 0, "1": 0, "2": 0 },
    "b": {}
  },
  "/Users/buramabobb/Documents/myWorkspace/blood-match-api/src/donors/donors.module.ts": {
    "path": "/Users/buramabobb/Documents/myWorkspace/blood-match-api/src/donors/donors.module.ts",
    "statementMap": {
      "0": {
        "start": { "line": 1, "column": 0 },
        "end": { "line": 1, "column": 40 }
      },
      "1": {
        "start": { "line": 2, "column": 0 },
        "end": { "line": 2, "column": 48 }
      },
      "2": {
        "start": { "line": 3, "column": 0 },
        "end": { "line": 3, "column": 48 }
      },
      "3": {
        "start": { "line": 4, "column": 0 },
        "end": { "line": 4, "column": 58 }
      },
      "4": {
        "start": { "line": 5, "column": 0 },
        "end": { "line": 5, "column": 67 }
      },
      "5": {
        "start": { "line": 13, "column": 7 },
        "end": { "line": 13, "column": null }
      },
      "6": {
        "start": { "line": 13, "column": 13 },
        "end": { "line": 13, "column": 25 }
      },
      "7": {
        "start": { "line": 13, "column": 13 },
        "end": { "line": 13, "column": null }
      }
    },
    "fnMap": {},
    "branchMap": {},
    "s": { "0": 0, "1": 0, "2": 0, "3": 0, "4": 0, "5": 0, "6": 0, "7": 0 },
    "f": {},
    "b": {}
  },
  "/Users/buramabobb/Documents/myWorkspace/blood-match-api/src/donors/controllers/donors.controller.ts": {
    "path": "/Users/buramabobb/Documents/myWorkspace/blood-match-api/src/donors/controllers/donors.controller.ts",
    "statementMap": {
      "0": {
        "start": { "line": 1, "column": 0 },
        "end": { "line": 1, "column": null }
      },
      "1": {
        "start": { "line": 13, "column": 0 },
        "end": { "line": 13, "column": 59 }
      },
      "2": {
        "start": { "line": 14, "column": 0 },
        "end": { "line": 14, "column": 57 }
      },
      "3": {
        "start": { "line": 15, "column": 0 },
        "end": { "line": 15, "column": 64 }
      },
      "4": {
        "start": { "line": 16, "column": 0 },
        "end": { "line": 16, "column": 67 }
      },
      "5": {
        "start": { "line": 17, "column": 0 },
        "end": { "line": 17, "column": 73 }
      },
      "6": {
        "start": { "line": 18, "column": 0 },
        "end": { "line": 18, "column": 59 }
      },
      "7": {
        "start": { "line": 19, "column": 0 },
        "end": { "line": 19, "column": 62 }
      },
      "8": {
        "start": { "line": 20, "column": 0 },
        "end": { "line": 20, "column": 60 }
      },
      "9": {
        "start": { "line": 26, "column": 7 },
        "end": { "line": 128, "column": null }
      },
      "10": {
        "start": { "line": 27, "column": 31 },
        "end": { "line": 27, "column": 46 }
      },
      "11": {
        "start": { "line": 33, "column": 4 },
        "end": { "line": 33, "column": 66 }
      },
      "12": {
        "start": { "line": 51, "column": 4 },
        "end": { "line": 56, "column": 7 }
      },
      "13": {
        "start": { "line": 63, "column": 4 },
        "end": { "line": 63, "column": 56 }
      },
      "14": {
        "start": { "line": 75, "column": 4 },
        "end": { "line": 79, "column": 6 }
      },
      "15": {
        "start": { "line": 84, "column": 4 },
        "end": { "line": 84, "column": 42 }
      },
      "16": {
        "start": { "line": 94, "column": 4 },
        "end": { "line": 94, "column": 70 }
      },
      "17": {
        "start": { "line": 105, "column": 4 },
        "end": { "line": 105, "column": 79 }
      },
      "18": {
        "start": { "line": 112, "column": 4 },
        "end": { "line": 112, "column": 58 }
      },
      "19": {
        "start": { "line": 119, "column": 4 },
        "end": { "line": 119, "column": 53 }
      },
      "20": {
        "start": { "line": 126, "column": 4 },
        "end": { "line": 126, "column": 41 }
      },
      "21": {
        "start": { "line": 26, "column": 13 },
        "end": { "line": 26, "column": 29 }
      },
      "22": {
        "start": { "line": 32, "column": 2 },
        "end": { "line": 34, "column": null }
      },
      "23": {
        "start": { "line": 45, "column": 2 },
        "end": { "line": 57, "column": null }
      },
      "24": {
        "start": { "line": 62, "column": 2 },
        "end": { "line": 64, "column": null }
      },
      "25": {
        "start": { "line": 70, "column": 2 },
        "end": { "line": 80, "column": null }
      },
      "26": {
        "start": { "line": 83, "column": 2 },
        "end": { "line": 85, "column": null }
      },
      "27": {
        "start": { "line": 90, "column": 2 },
        "end": { "line": 95, "column": null }
      },
      "28": {
        "start": { "line": 100, "column": 2 },
        "end": { "line": 106, "column": null }
      },
      "29": {
        "start": { "line": 111, "column": 2 },
        "end": { "line": 113, "column": null }
      },
      "30": {
        "start": { "line": 118, "column": 2 },
        "end": { "line": 120, "column": null }
      },
      "31": {
        "start": { "line": 125, "column": 2 },
        "end": { "line": 127, "column": null }
      },
      "32": {
        "start": { "line": 26, "column": 13 },
        "end": { "line": 128, "column": null }
      }
    },
    "fnMap": {
      "0": {
        "name": "(anonymous_4)",
        "decl": {
          "start": { "line": 27, "column": 2 },
          "end": { "line": 27, "column": 31 }
        },
        "loc": {
          "start": { "line": 27, "column": 59 },
          "end": { "line": 27, "column": 63 }
        }
      },
      "1": {
        "name": "(anonymous_5)",
        "decl": {
          "start": { "line": 32, "column": 2 },
          "end": { "line": 32, "column": 8 }
        },
        "loc": {
          "start": { "line": 32, "column": 68 },
          "end": { "line": 34, "column": 3 }
        }
      },
      "2": {
        "name": "(anonymous_6)",
        "decl": {
          "start": { "line": 45, "column": 2 },
          "end": { "line": 45, "column": 9 }
        },
        "loc": {
          "start": { "line": 49, "column": 38 },
          "end": { "line": 57, "column": 3 }
        }
      },
      "3": {
        "name": "(anonymous_7)",
        "decl": {
          "start": { "line": 62, "column": 2 },
          "end": { "line": 62, "column": 14 }
        },
        "loc": {
          "start": { "line": 62, "column": 34 },
          "end": { "line": 64, "column": 3 }
        }
      },
      "4": {
        "name": "(anonymous_8)",
        "decl": {
          "start": { "line": 70, "column": 2 },
          "end": { "line": 70, "column": 12 }
        },
        "loc": {
          "start": { "line": 73, "column": 36 },
          "end": { "line": 80, "column": 3 }
        }
      },
      "5": {
        "name": "(anonymous_9)",
        "decl": {
          "start": { "line": 83, "column": 2 },
          "end": { "line": 83, "column": 9 }
        },
        "loc": {
          "start": { "line": 83, "column": 33 },
          "end": { "line": 85, "column": 3 }
        }
      },
      "6": {
        "name": "(anonymous_10)",
        "decl": {
          "start": { "line": 90, "column": 2 },
          "end": { "line": 90, "column": 20 }
        },
        "loc": {
          "start": { "line": 92, "column": 46 },
          "end": { "line": 95, "column": 3 }
        }
      },
      "7": {
        "name": "(anonymous_11)",
        "decl": {
[...]
        "end": { "line": 12, "column": 57 }
      },
      "2": {
        "start": { "line": 13, "column": 0 },
        "end": { "line": 13, "column": 55 }
      },
      "3": {
        "start": { "line": 14, "column": 0 },
        "end": { "line": 14, "column": 64 }
      },
      "4": {
        "start": { "line": 15, "column": 0 },
        "end": { "line": 15, "column": 57 }
      },
      "5": {
        "start": { "line": 16, "column": 0 },
        "end": { "line": 16, "column": 59 }
      },
      "6": {
        "start": { "line": 17, "column": 0 },
        "end": { "line": 17, "column": 62 }
      },
      "7": {
        "start": { "line": 18, "column": 0 },
        "end": { "line": 18, "column": 51 }
      },
      "8": {
        "start": { "line": 23, "column": 7 },
        "end": { "line": 65, "column": null }
      },
      "9": {
        "start": { "line": 24, "column": 31 },
        "end": { "line": 24, "column": 45 }
      },
      "10": {
        "start": { "line": 31, "column": 4 },
        "end": { "line": 31, "column": 51 }
      },
      "11": {
        "start": { "line": 37, "column": 4 },
        "end": { "line": 37, "column": 39 }
      },
      "12": {
        "start": { "line": 43, "column": 4 },
        "end": { "line": 43, "column": 50 }
      },
      "13": {
        "start": { "line": 49, "column": 4 },
        "end": { "line": 49, "column": 41 }
      },
      "14": {
        "start": { "line": 55, "column": 4 },
        "end": { "line": 55, "column": 52 }
      },
      "15": {
        "start": { "line": 63, "column": 4 },
        "end": { "line": 63, "column": 40 }
      },
      "16": {
        "start": { "line": 23, "column": 13 },
        "end": { "line": 23, "column": 28 }
      },
      "17": {
        "start": { "line": 30, "column": 2 },
        "end": { "line": 32, "column": null }
      },
      "18": {
        "start": { "line": 36, "column": 2 },
        "end": { "line": 38, "column": null }
      },
      "19": {
        "start": { "line": 42, "column": 2 },
        "end": { "line": 44, "column": null }
      },
      "20": {
        "start": { "line": 48, "column": 2 },
        "end": { "line": 50, "column": null }
      },
      "21": {
        "start": { "line": 54, "column": 2 },
        "end": { "line": 56, "column": null }
      },
      "22": {
        "start": { "line": 62, "column": 2 },
        "end": { "line": 64, "column": null }
      },
      "23": {
        "start": { "line": 23, "column": 13 },
        "end": { "line": 65, "column": null }
      }
    },
    "fnMap": {
      "0": {
        "name": "(anonymous_4)",
        "decl": {
          "start": { "line": 24, "column": 2 },
          "end": { "line": 24, "column": 31 }
        },
        "loc": {
          "start": { "line": 24, "column": 57 },
          "end": { "line": 24, "column": 61 }
        }
      },
      "1": {
        "name": "(anonymous_5)",
        "decl": {
          "start": { "line": 30, "column": 2 },
          "end": { "line": 30, "column": 8 }
        },
        "loc": {
          "start": { "line": 30, "column": 45 },
          "end": { "line": 32, "column": 3 }
        }
      },
      "2": {
        "name": "(anonymous_6)",
        "decl": {
          "start": { "line": 36, "column": 2 },
          "end": { "line": 36, "column": 9 }
        },
        "loc": {
          "start": { "line": 36, "column": 9 },
          "end": { "line": 38, "column": 3 }
        }
      },
      "3": {
        "name": "(anonymous_7)",
        "decl": {
          "start": { "line": 42, "column": 2 },
          "end": { "line": 42, "column": 12 }
        },
        "loc": {
          "start": { "line": 42, "column": 32 },
          "end": { "line": 44, "column": 3 }
        }
      },
      "4": {
        "name": "(anonymous_8)",
        "decl": {
          "start": { "line": 48, "column": 2 },
          "end": { "line": 48, "column": 9 }
        },
        "loc": {
          "start": { "line": 48, "column": 33 },
          "end": { "line": 50, "column": 3 }
        }
      },
      "5": {
        "name": "(anonymous_9)",
        "decl": {
          "start": { "line": 54, "column": 2 },
          "end": { "line": 54, "column": 8 }
        },
        "loc": {
          "start": { "line": 54, "column": 66 },
          "end": { "line": 56, "column": 3 }
        }
      },
      "6": {
        "name": "(anonymous_10)",
        "decl": {
          "start": { "line": 62, "column": 2 },
          "end": { "line": 62, "column": 8 }
        },
        "loc": {
          "start": { "line": 62, "column": 32 },
          "end": { "line": 64, "column": 3 }
        }
      }
    },
    "branchMap": {},
    "s": {
      "0": 0,
      "1": 0,
      "2": 0,
      "3": 0,
      "4": 0,
      "5": 0,
      "6": 0,
      "7": 0,
      "8": 0,
      "9": 0,
      "10": 0,
      "11": 0,
      "12": 0,
      "13": 0,
      "14": 0,
      "15": 0,
      "16": 0,
      "17": 0,
      "18": 0,
      "19": 0,
      "20": 0,
      "21": 0,
      "22": 0,
      "23": 0
    },
    "f": { "0": 0, "1": 0, "2": 0, "3": 0, "4": 0, "5": 0, "6": 0 },
    "b": {}
  },
  "/Users/buramabobb/Documents/myWorkspace/blood-match-api/src/users/dto/create-user.dto.ts": {
    "path": "/Users/buramabobb/Documents/myWorkspace/blood-match-api/src/users/dto/create-user.dto.ts",
    "statementMap": {
      "0": {
        "start": { "line": 1, "column": 0 },
        "end": { "line": 1, "column": null }
      },
      "1": {
        "start": { "line": 10, "column": 0 },
        "end": { "line": 10, "column": 46 }
      },
      "2": {
        "start": { "line": 11, "column": 0 },
        "end": { "line": 11, "column": 51 }
      },
      "3": {
        "start": { "line": 13, "column": 0 },
        "end": { "line": 13, "column": 13 }
      },
      "4": {
        "start": { "line": 20, "column": 2 },
        "end": { "line": 20, "column": null }
      },
      "5": {
        "start": { "line": 29, "column": 2 },
        "end": { "line": 29, "column": null }
      },
      "6": {
        "start": { "line": 37, "column": 2 },
        "end": { "line": 37, "column": null }
      },
      "7": {
        "start": { "line": 45, "column": 2 },
        "end": { "line": 45, "column": null }
      },
      "8": {
        "start": { "line": 54, "column": 2 },
        "end": { "line": 54, "column": null }
      }
    },
    "fnMap": {},
    "branchMap": {},
    "s": {
      "0": 0,
      "1": 0,
      "2": 0,
      "3": 0,
      "4": 0,
      "5": 0,
      "6": 0,
      "7": 0,
      "8": 0
    },
    "f": {},
    "b": {}
  },
  "/Users/buramabobb/Documents/myWorkspace/blood-match-api/src/users/dto/update-user.dto.ts": {
    "path": "/Users/buramabobb/Documents/myWorkspace/blood-match-api/src/users/dto/update-user.dto.ts",
    "statementMap": {
      "0": {
        "start": { "line": 1, "column": 0 },
        "end": { "line": 1, "column": 46 }
      },
      "1": {
        "start": { "line": 2, "column": 0 },
        "end": { "line": 2, "column": 50 }
      },
      "2": {
        "start": { "line": 4, "column": 0 },
        "end": { "line": 4, "column": 13 }
      }
    },
    "fnMap": {},
    "branchMap": {},
    "s": { "0": 0, "1": 0, "2": 0 },
    "f": {},
    "b": {}
  },
  "/Users/buramabobb/Documents/myWorkspace/blood-match-api/src/users/entities/user.entity.ts": {
    "path": "/Users/buramabobb/Documents/myWorkspace/blood-match-api/src/users/entities/user.entity.ts",
    "statementMap": {
      "0": {
        "start": { "line": 1, "column": 0 },
        "end": { "line": 1, "column": 59 }
      },
      "1": {
        "start": { "line": 2, "column": 0 },
        "end": { "line": 2, "column": null }
      },
      "2": {
        "start": { "line": 11, "column": 0 },
        "end": { "line": 11, "column": null }
      },
      "3": {
        "start": { "line": 12, "column": 2 },
        "end": { "line": 12, "column": null }
      },
      "4": {
        "start": { "line": 13, "column": 2 },
        "end": { "line": 13, "column": null }
      },
      "5": {
        "start": { "line": 14, "column": 2 },
        "end": { "line": 14, "column": null }
      },
      "6": {
        "start": { "line": 18, "column": 7 },
        "end": { "line": 55, "column": null }
      },
      "7": {
        "start": { "line": 18, "column": 13 },
        "end": { "line": 18, "column": 17 }
      },
      "8": {
        "start": { "line": 20, "column": 2 },
        "end": { "line": 20, "column": null }
      },
      "9": {
        "start": { "line": 23, "column": 2 },
        "end": { "line": 23, "column": null }
      },
      "10": {
        "start": { "line": 26, "column": 2 },
        "end": { "line": 26, "column": null }
      },
      "11": {
        "start": { "line": 29, "column": 2 },
        "end": { "line": 29, "column": null }
      },
      "12": {
        "start": { "line": 32, "column": 2 },
        "end": { "line": 32, "column": null }
      },
      "13": {
        "start": { "line": 39, "column": 2 },
        "end": { "line": 39, "column": null }
      },
      "14": {
        "start": { "line": 42, "column": 2 },
        "end": { "line": 42, "column": null }
      },
      "15": {
        "start": { "line": 45, "column": 2 },
        "end": { "line": 45, "column": null }
      },
      "16": {
        "start": { "line": 48, "column": 2 },
        "end": { "line": 48, "column": null }
      },
      "17": {
        "start": { "line": 47, "column": 18 },
        "end": { "line": 47, "column": 23 }
      },
      "18": {
        "start": { "line": 47, "column": 36 },
        "end": { "line": 47, "column": 46 }
      },
      "19": {
        "start": { "line": 51, "column": 2 },
        "end": { "line": 51, "column": null }
      },
      "20": {
        "start": { "line": 54, "column": 2 },
        "end": { "line": 54, "column": null }
      },
      "21": {
        "start": { "line": 18, "column": 13 },
        "end": { "line": 55, "column": null }
      }
    },
    "fnMap": {
      "0": {
        "name": "(anonymous_2)",
        "decl": {
          "start": { "line": 11, "column": 0 },
          "end": { "line": 11, "column": 12 }
        },
        "loc": {
          "start": { "line": 11, "column": 20 },
          "end": { "line": 15, "column": 1 }
        }
      },
      "1": {
        "name": "(anonymous_3)",
        "decl": {
          "start": { "line": 47, "column": 12 },
          "end": { "line": 47, "column": 15 }
        },
        "loc": {
          "start": { "line": 47, "column": 18 },
          "end": { "line": 47, "column": 23 }
        }
      },
      "2": {
        "name": "(anonymous_4)",
        "decl": {
          "start": { "line": 47, "column": 25 },
          "end": { "line": 47, "column": 26 }
        },
        "loc": {
          "start": { "line": 47, "column": 36 },
          "end": { "line": 47, "column": 46 }
        }
      }
    },
    "branchMap": {
      "0": {
        "loc": {
          "start": { "line": 11, "column": 12 },
          "end": { "line": 11, "column": null }
        },
        "type": "binary-expr",
        "locations": [
          {
            "start": { "line": 11, "column": 12 },
            "end": { "line": 11, "column": 20 }
          },
          {
            "start": { "line": 11, "column": 20 },
            "end": { "line": 11, "column": null }
          }
        ]
      }
    },
    "s": {
      "0": 1,
      "1": 1,
      "2": 1,
      "3": 1,
      "4": 1,
      "5": 1,
      "6": 1,
      "7": 1,
      "8": 1,
      "9": 1,
      "10": 1,
      "11": 1,
      "12": 1,
      "13": 1,
      "14": 1,
      "15": 1,
      "16": 1,
      "17": 0,
      "18": 0,
      "19": 1,
      "20": 1,
      "21": 1
    },
    "f": { "0": 1, "1": 0, "2": 0 },
    "b": { "0": [1, 1] }
  },
  "/Users/buramabobb/Documents/myWorkspace/blood-match-api/src/users/services/users.service.ts": {
    "path": "/Users/buramabobb/Documents/myWorkspace/blood-match-api/src/users/services/users.service.ts",
    "statementMap": {
      "0": {
        "start": { "line": 1, "column": 0 },
        "end": { "line": 1, "column": null }
      },
      "1": {
        "start": { "line": 6, "column": 0 },
        "end": { "line": 6, "column": 51 }
      },
      "2": {
        "start": { "line": 7, "column": 0 },
        "end": { "line": 7, "column": 37 }
      },
      "3": {
        "start": { "line": 9, "column": 0 },
        "end": { "line": 9, "column": 33 }
      },
      "4": {
        "start": { "line": 11, "column": 0 },
        "end": { "line": 11, "column": 47 }
      },
      "5": {
        "start": { "line": 14, "column": 7 },
        "end": { "line": 89, "column": null }
      },
      "6": {
        "start": { "line": 17, "column": 12 },
        "end": { "line": 17, "column": 29 }
      },
      "7": {
        "start": { "line": 21, "column": 25 },
        "end": { "line": 23, "column": 6 }
      },
      "8": {
        "start": { "line": 25, "column": 4 },
        "end": { "line": 29, "column": 5 }
      },
      "9": {
        "start": { "line": 26, "column": 6 },
        "end": { "line": 28, "column": 8 }
      },
      "10": {
        "start": { "line": 31, "column": 27 },
        "end": { "line": 31, "column": 72 }
      },
      "11": {
        "start": { "line": 32, "column": 17 },
        "end": { "line": 35, "column": 6 }
      },
      "12": {
        "start": { "line": 37, "column": 4 },
        "end": { "line": 37, "column": 43 }
      },
      "13": {
        "start": { "line": 41, "column": 4 },
        "end": { "line": 44, "column": 17 }
      },
      "14": {
        "start": { "line": 48, "column": 17 },
        "end": { "line": 52, "column": 15 }
      },
      "15": {
        "start": { "line": 54, "column": 4 },
        "end": { "line": 56, "column": 5 }
      },
      "16": {
        "start": { "line": 55, "column": 6 },
        "end": { "line": 55, "column": 52 }
      },
      "17": {
        "start": { "line": 58, "column": 4 },
        "end": { "line": 58, "column": 16 }
      },
      "18": {
        "start": { "line": 62, "column": 4 },
        "end": { "line": 66, "column": 16 }
      },
      "19": {
        "start": { "line": 70, "column": 17 },
        "end": { "line": 73, "column": 6 }
      },
      "20": {
        "start": { "line": 74, "column": 4 },
        "end": { "line": 76, "column": 5 }
      },
      "21": {
        "start": { "line": 75, "column": 6 },
        "end": { "line": 75, "column": 52 }
      },
      "22": {
        "start": { "line": 77, "column": 4 },
        "end": { "line": 79, "column": 5 }
      },
      "23": {
        "start": { "line": 78, "column": 6 },
        "end": { "line": 78, "column": 65 }
      },
      "24": {
        "start": { "line": 80, "column": 4 },
        "end": { "line": 80, "column": 43 }
      },
      "25": {
        "start": { "line": 84, "column": 19 },
        "end": { "line": 84, "column": 56 }
      },
      "26": {
        "start": { "line": 85, "column": 4 },
        "end": { "line": 87, "column": 5 }
      },
      "27": {
        "start": { "line": 86, "column": 6 },
        "end": { "line": 86, "column": 52 }
      },
      "28": {
        "start": { "line": 14, "column": 13 },
        "end": { "line": 14, "column": 25 }
      },
      "29": {
        "start": { "line": 14, "column": 13 },
        "end": { "line": 89, "column": null }
      }
    },
    "fnMap": {
      "0": {
        "name": "(anonymous_13)",
        "decl": {
          "start": { "line": 15, "column": 2 },
          "end": { "line": 15, "column": null }
        },
        "loc": {
          "start": { "line": 17, "column": 45 },
          "end": { "line": 18, "column": 6 }
        }
      },
      "1": {
        "name": "(anonymous_14)",
        "decl": {
          "start": { "line": 20, "column": 2 },
          "end": { "line": 20, "column": 7 }
        },
        "loc": {
          "start": { "line": 20, "column": 43 },
          "end": { "line": 38, "column": 3 }
        }
      },
      "2": {
        "name": "(anonymous_15)",
        "decl": {
          "start": { "line": 40, "column": 2 },
          "end": { "line": 40, "column": 7 }
        },
        "loc": {
          "start": { "line": 40, "column": 15 },
          "end": { "line": 45, "column": 3 }
        }
      },
      "3": {
        "name": "(anonymous_16)",
        "decl": {
          "start": { "line": 47, "column": 2 },
          "end": { "line": 47, "column": 7 }
        },
        "loc": {
          "start": { "line": 47, "column": 26 },
          "end": { "line": 59, "column": 3 }
        }
      },
      "4": {
        "name": "(anonymous_17)",
        "decl": {
          "start": { "line": 61, "column": 2 },
          "end": { "line": 61, "column": 7 }
        },
        "loc": {
          "start": { "line": 61, "column": 33 },
          "end": { "line": 67, "column": 3 }
        }
      },
      "5": {
        "name": "(anonymous_18)",
        "decl": {
          "start": { "line": 69, "column": 2 },
          "end": { "line": 69, "column": 7 }
        },
        "loc": {
          "start": { "line": 69, "column": 52 },
          "end": { "line": 81, "column": 3 }
        }
      },
      "6": {
        "name": "(anonymous_19)",
        "decl": {
          "start": { "line": 83, "column": 2 },
          "end": { "line": 83, "column": 7 }
        },
        "loc": {
          "start": { "line": 83, "column": 25 },
          "end": { "line": 88, "column": 3 }
        }
      }
    },
    "branchMap": {
      "0": {
        "loc": {
          "start": { "line": 25, "column": 4 },
          "end": { "line": 29, "column": 5 }
        },
        "type": "if",
        "locations": [
          {
            "start": { "line": 25, "column": 4 },
            "end": { "line": 29, "column": 5 }
          },
          { "start": {}, "end": {} }
        ]
      },
      "1": {
        "loc": {
          "start": { "line": 54, "column": 4 },
          "end": { "line": 56, "column": 5 }
        },
        "type": "if",
        "locations": [
          {
            "start": { "line": 54, "column": 4 },
            "end": { "line": 56, "column": 5 }
          },
          { "start": {}, "end": {} }
        ]
      },
      "2": {
        "loc": {
          "start": { "line": 74, "column": 4 },
          "end": { "line": 76, "column": 5 }
        },
        "type": "if",
        "locations": [
          {
            "start": { "line": 74, "column": 4 },
            "end": { "line": 76, "column": 5 }
          },
          { "start": {}, "end": {} }
        ]
      },
      "3": {
        "loc": {
          "start": { "line": 77, "column": 4 },
          "end": { "line": 79, "column": 5 }
        },
        "type": "if",
        "locations": [
          {
            "start": { "line": 77, "column": 4 },
            "end": { "line": 79, "column": 5 }
          },
          { "start": {}, "end": {} }
        ]
      },
      "4": {
        "loc": {
          "start": { "line": 85, "column": 4 },
          "end": { "line": 87, "column": 5 }
        },
        "type": "if",
        "locations": [
          {
            "start": { "line": 85, "column": 4 },
            "end": { "line": 87, "column": 5 }
          },
          { "start": {}, "end": {} }
        ]
      }
    },
    "s": {
      "0": 1,
      "1": 1,
      "2": 1,
      "3": 1,
      "4": 1,
      "5": 1,
      "6": 1,
      "7": 0,
      "8": 0,
      "9": 0,
      "10": 0,
      "11": 0,
      "12": 0,
      "13": 0,
      "14": 0,
      "15": 0,
      "16": 0,
      "17": 0,
      "18": 0,
      "19": 0,
      "20": 0,
      "21": 0,
      "22": 0,
      "23": 0,
      "24": 0,
      "25": 0,
      "26": 0,
      "27": 0,
      "28": 1,
      "29": 1
    },
    "f": { "0": 1, "1": 0, "2": 0, "3": 0, "4": 0, "5": 0, "6": 0 },
    "b": { "0": [0, 0], "1": [0, 0], "2": [0, 0], "3": [0, 0], "4": [0, 0] }
  }
}
